<?xml version="1.0" encoding="UTF-8"?>
<!-- Generated by org.testng.reporters.JUnitReportReporter -->
<testsuite hostname="DESKTOP-C2L87CL" failures="0" tests="2" name="testcase.AmazonTest" time="0.000" errors="0" timestamp="2023-05-02T01:02:27 IST" skipped="2">
  <testcase classname="testcase.AmazonTest" name="test" time="0.000">
    <skipped/>
  </testcase> <!-- test -->
  <system-out/>
  <testcase classname="testcase.AmazonTest" name="test" time="0.000">
    <skipped/>
  </testcase> <!-- test -->
  <system-out/>
</testsuite> <!-- testcase.AmazonTest -->
